<?xml version="1.0" encoding="UTF-8"?>
<testng-results skipped="0" failed="0" ignored="0" total="1" passed="1">
  <reporter-output>
    <line>
      <![CDATA[Filter conditions are verfied and Testcase is pass]]>
    </line>
  </reporter-output>
  <suite name="Default suite" duration-ms="26547" started-at="2023-03-12T00:10:19 IST" finished-at="2023-03-12T00:10:46 IST">
    <groups>
    </groups>
    <test name="Default test" duration-ms="26547" started-at="2023-03-12T00:10:19 IST" finished-at="2023-03-12T00:10:46 IST">
      <class name="seneriosPackage.Acess_Product_Via_Category_Test">
        <test-method status="PASS" signature="openBrowser()[pri:0, instance:seneriosPackage.Acess_Product_Via_Category_Test@27f723]" name="openBrowser" is-config="true" duration-ms="8061" started-at="2023-03-12T00:10:19 IST" finished-at="2023-03-12T00:10:27 IST">
          <reporter-output>
          </reporter-output>
        </test-method> <!-- openBrowser -->
        <test-method status="PASS" signature="acessProduct()[pri:0, instance:seneriosPackage.Acess_Product_Via_Category_Test@27f723]" name="acessProduct" duration-ms="18166" started-at="2023-03-12T00:10:27 IST" finished-at="2023-03-12T00:10:45 IST">
          <reporter-output>
            <line>
              <![CDATA[Filter conditions are verfied and Testcase is pass]]>
            </line>
          </reporter-output>
        </test-method> <!-- acessProduct -->
        <test-method status="PASS" signature="closeBrowser()[pri:0, instance:seneriosPackage.Acess_Product_Via_Category_Test@27f723]" name="closeBrowser" is-config="true" duration-ms="249" started-at="2023-03-12T00:10:45 IST" finished-at="2023-03-12T00:10:46 IST">
          <reporter-output>
          </reporter-output>
        </test-method> <!-- closeBrowser -->
      </class> <!-- seneriosPackage.Acess_Product_Via_Category_Test -->
    </test> <!-- Default test -->
  </suite> <!-- Default suite -->
</testng-results>
